{"numFailedTestSuites":1,"numFailedTests":1,"numPassedTestSuites":0,"numPassedTests":2,"numPendingTestSuites":0,"numPendingTests":0,"numRuntimeErrorTestSuites":0,"numTodoTests":0,"numTotalTestSuites":1,"numTotalTests":3,"openHandles":[],"snapshot":{"added":0,"didUpdate":false,"failure":false,"filesAdded":0,"filesRemoved":0,"filesRemovedList":[],"filesUnmatched":0,"filesUpdated":0,"matched":0,"total":0,"unchecked":0,"uncheckedKeysByFile":[],"unmatched":0,"updated":0},"startTime":1750014700488,"success":false,"testResults":[{"assertionResults":[{"ancestorTitles":["Objective Hub API"],"duration":80,"failureDetails":[],"failureMessages":[],"fullName":"Objective Hub API normalizes and registers a valid goal","invocations":1,"location":null,"numPassingAsserts":6,"retryReasons":[],"status":"passed","title":"normalizes and registers a valid goal"},{"ancestorTitles":["Objective Hub API"],"duration":22,"failureDetails":[],"failureMessages":[],"fullName":"Objective Hub API returns error for missing fields","invocations":1,"location":null,"numPassingAsserts":2,"retryReasons":[],"status":"passed","title":"returns error for missing fields"},{"ancestorTitles":["Objective Hub API"],"duration":16,"failureDetails":[{"matcherResult":{"expected":"MG-001","message":"\u001b[2mexpect(\u001b[22m\u001b[31mreceived\u001b[39m\u001b[2m).\u001b[22mtoBe\u001b[2m(\u001b[22m\u001b[32mexpected\u001b[39m\u001b[2m) // Object.is equality\u001b[22m\n\nExpected: \u001b[32m\"MG-001\"\u001b[39m\nReceived: \u001b[31mundefined\u001b[39m","name":"toBe","pass":false}}],"failureMessages":["Error: \u001b[2mexpect(\u001b[22m\u001b[31mreceived\u001b[39m\u001b[2m).\u001b[22mtoBe\u001b[2m(\u001b[22m\u001b[32mexpected\u001b[39m\u001b[2m) // Object.is equality\u001b[22m\n\nExpected: \u001b[32m\"MG-001\"\u001b[39m\nReceived: \u001b[31mundefined\u001b[39m\n    at Object.toBe (/workspaces/a2_engine/services/objective-hub/tests/goals.test.js:39:49)\n    at processTicksAndRejections (node:internal/process/task_queues:95:5)"],"fullName":"Objective Hub API should normalize and return a mission goal","invocations":1,"location":null,"numPassingAsserts":1,"retryReasons":[],"status":"failed","title":"should normalize and return a mission goal"}],"endTime":1750014701073,"message":"\u001b[1m\u001b[31m  \u001b[1m● \u001b[22m\u001b[1mObjective Hub API › should normalize and return a mission goal\u001b[39m\u001b[22m\n\n    \u001b[2mexpect(\u001b[22m\u001b[31mreceived\u001b[39m\u001b[2m).\u001b[22mtoBe\u001b[2m(\u001b[22m\u001b[32mexpected\u001b[39m\u001b[2m) // Object.is equality\u001b[22m\n\n    Expected: \u001b[32m\"MG-001\"\u001b[39m\n    Received: \u001b[31mundefined\u001b[39m\n\u001b[2m\u001b[22m\n\u001b[2m    \u001b[0m \u001b[90m 37 |\u001b[39m       \u001b[33m.\u001b[39msend(goal)\u001b[33m;\u001b[39m\u001b[22m\n\u001b[2m     \u001b[90m 38 |\u001b[39m     expect(response\u001b[33m.\u001b[39mstatusCode)\u001b[33m.\u001b[39mtoBe(\u001b[35m200\u001b[39m)\u001b[33m;\u001b[39m\u001b[22m\n\u001b[2m    \u001b[31m\u001b[1m>\u001b[22m\u001b[2m\u001b[39m\u001b[90m 39 |\u001b[39m     expect(response\u001b[33m.\u001b[39mbody\u001b[33m.\u001b[39mnormalizedGoal\u001b[33m.\u001b[39mgoalId)\u001b[33m.\u001b[39mtoBe(\u001b[32m'MG-001'\u001b[39m)\u001b[33m;\u001b[39m\u001b[22m\n\u001b[2m     \u001b[90m    |\u001b[39m                                                 \u001b[31m\u001b[1m^\u001b[22m\u001b[2m\u001b[39m\u001b[22m\n\u001b[2m     \u001b[90m 40 |\u001b[39m     expect(response\u001b[33m.\u001b[39mbody\u001b[33m.\u001b[39mstatus)\u001b[33m.\u001b[39mtoBe(\u001b[32m'received'\u001b[39m)\u001b[33m;\u001b[39m\u001b[22m\n\u001b[2m     \u001b[90m 41 |\u001b[39m   })\u001b[33m;\u001b[39m\u001b[22m\n\u001b[2m     \u001b[90m 42 |\u001b[39m })\u001b[33m;\u001b[39m\u001b[0m\u001b[22m\n\u001b[2m\u001b[22m\n\u001b[2m      \u001b[2mat Object.toBe (\u001b[22m\u001b[2m\u001b[0m\u001b[36mservices/objective-hub/tests/goals.test.js\u001b[39m\u001b[0m\u001b[2m:39:49)\u001b[22m\u001b[2m\u001b[22m\n","name":"/workspaces/a2_engine/services/objective-hub/tests/goals.test.js","startTime":1750014700516,"status":"failed","summary":""}],"wasInterrupted":false,"coverageMap":{"/workspaces/a2_engine/services/objective-hub/src/index.js":{"path":"/workspaces/a2_engine/services/objective-hub/src/index.js","statementMap":{"0":{"start":{"line":1,"column":16},"end":{"line":1,"column":34}},"1":{"start":{"line":2,"column":12},"end":{"line":2,"column":21}},"2":{"start":{"line":3,"column":0},"end":{"line":3,"column":24}},"3":{"start":{"line":4,"column":72},"end":{"line":4,"column":99}},"4":{"start":{"line":7,"column":0},"end":{"line":14,"column":3}},"5":{"start":{"line":8,"column":23},"end":{"line":8,"column":57}},"6":{"start":{"line":9,"column":4},"end":{"line":11,"column":5}},"7":{"start":{"line":10,"column":8},"end":{"line":10,"column":65}},"8":{"start":{"line":12,"column":4},"end":{"line":12,"column":34}},"9":{"start":{"line":13,"column":4},"end":{"line":13,"column":65}},"10":{"start":{"line":17,"column":0},"end":{"line":19,"column":3}},"11":{"start":{"line":18,"column":4},"end":{"line":18,"column":31}},"12":{"start":{"line":22,"column":0},"end":{"line":22,"column":87}},"13":{"start":{"line":22,"column":33},"end":{"line":22,"column":85}},"14":{"start":{"line":24,"column":0},"end":{"line":28,"column":1}},"15":{"start":{"line":25,"column":4},"end":{"line":27,"column":7}},"16":{"start":{"line":26,"column":8},"end":{"line":26,"column":66}},"17":{"start":{"line":31,"column":0},"end":{"line":31,"column":21}}},"fnMap":{"0":{"name":"(anonymous_0)","decl":{"start":{"line":7,"column":19},"end":{"line":7,"column":20}},"loc":{"start":{"line":7,"column":33},"end":{"line":14,"column":1}},"line":7},"1":{"name":"(anonymous_1)","decl":{"start":{"line":17,"column":23},"end":{"line":17,"column":24}},"loc":{"start":{"line":17,"column":37},"end":{"line":19,"column":1}},"line":17},"2":{"name":"(anonymous_2)","decl":{"start":{"line":22,"column":19},"end":{"line":22,"column":20}},"loc":{"start":{"line":22,"column":33},"end":{"line":22,"column":85}},"line":22},"3":{"name":"(anonymous_3)","decl":{"start":{"line":25,"column":21},"end":{"line":25,"column":22}},"loc":{"start":{"line":25,"column":27},"end":{"line":27,"column":5}},"line":25}},"branchMap":{"0":{"loc":{"start":{"line":9,"column":4},"end":{"line":11,"column":5}},"type":"if","locations":[{"start":{"line":9,"column":4},"end":{"line":11,"column":5}},{"start":{},"end":{}}],"line":9},"1":{"loc":{"start":{"line":24,"column":0},"end":{"line":28,"column":1}},"type":"if","locations":[{"start":{"line":24,"column":0},"end":{"line":28,"column":1}},{"start":{},"end":{}}],"line":24}},"s":{"0":1,"1":1,"2":1,"3":1,"4":1,"5":3,"6":3,"7":1,"8":2,"9":2,"10":1,"11":1,"12":1,"13":0,"14":1,"15":0,"16":0,"17":1},"f":{"0":3,"1":1,"2":0,"3":0},"b":{"0":[1,2],"1":[0,1]},"_coverageSchema":"1a1c01bbd47fc00a2c39e90264f33305004495a9","hash":"6d07561ed8393fa11902fb022fb84b266df159df"},"/workspaces/a2_engine/services/objective-hub/src/objectiveStore.js":{"path":"/workspaces/a2_engine/services/objective-hub/src/objectiveStore.js","statementMap":{"0":{"start":{"line":2,"column":19},"end":{"line":2,"column":21}},"1":{"start":{"line":3,"column":17},"end":{"line":3,"column":19}},"2":{"start":{"line":7,"column":2},"end":{"line":9,"column":3}},"3":{"start":{"line":8,"column":4},"end":{"line":8,"column":69}},"4":{"start":{"line":10,"column":21},"end":{"line":19,"column":3}},"5":{"start":{"line":20,"column":2},"end":{"line":20,"column":20}},"6":{"start":{"line":24,"column":2},"end":{"line":24,"column":23}},"7":{"start":{"line":28,"column":2},"end":{"line":28,"column":20}},"8":{"start":{"line":32,"column":2},"end":{"line":32,"column":24}},"9":{"start":{"line":35,"column":0},"end":{"line":35,"column":98}}},"fnMap":{"0":{"name":"normalizeAndValidateGoal","decl":{"start":{"line":5,"column":9},"end":{"line":5,"column":33}},"loc":{"start":{"line":5,"column":40},"end":{"line":21,"column":1}},"line":5},"1":{"name":"registerObjective","decl":{"start":{"line":23,"column":9},"end":{"line":23,"column":26}},"loc":{"start":{"line":23,"column":32},"end":{"line":25,"column":1}},"line":23},"2":{"name":"listObjectives","decl":{"start":{"line":27,"column":9},"end":{"line":27,"column":23}},"loc":{"start":{"line":27,"column":26},"end":{"line":29,"column":1}},"line":27},"3":{"name":"resetObjectives","decl":{"start":{"line":31,"column":9},"end":{"line":31,"column":24}},"loc":{"start":{"line":31,"column":27},"end":{"line":33,"column":1}},"line":31}},"branchMap":{"0":{"loc":{"start":{"line":7,"column":2},"end":{"line":9,"column":3}},"type":"if","locations":[{"start":{"line":7,"column":2},"end":{"line":9,"column":3}},{"start":{},"end":{}}],"line":7},"1":{"loc":{"start":{"line":7,"column":6},"end":{"line":7,"column":39}},"type":"binary-expr","locations":[{"start":{"line":7,"column":6},"end":{"line":7,"column":18}},{"start":{"line":7,"column":22},"end":{"line":7,"column":39}}],"line":7},"2":{"loc":{"start":{"line":12,"column":11},"end":{"line":12,"column":54}},"type":"binary-expr","locations":[{"start":{"line":12,"column":11},"end":{"line":12,"column":21}},{"start":{"line":12,"column":25},"end":{"line":12,"column":54}}],"line":12},"3":{"loc":{"start":{"line":14,"column":12},"end":{"line":14,"column":35}},"type":"binary-expr","locations":[{"start":{"line":14,"column":12},"end":{"line":14,"column":23}},{"start":{"line":14,"column":27},"end":{"line":14,"column":35}}],"line":14},"4":{"loc":{"start":{"line":15,"column":14},"end":{"line":15,"column":39}},"type":"binary-expr","locations":[{"start":{"line":15,"column":14},"end":{"line":15,"column":27}},{"start":{"line":15,"column":31},"end":{"line":15,"column":39}}],"line":15},"5":{"loc":{"start":{"line":17,"column":10},"end":{"line":17,"column":25}},"type":"binary-expr","locations":[{"start":{"line":17,"column":10},"end":{"line":17,"column":19}},{"start":{"line":17,"column":23},"end":{"line":17,"column":25}}],"line":17}},"s":{"0":1,"1":1,"2":3,"3":1,"4":2,"5":2,"6":2,"7":1,"8":3,"9":1},"f":{"0":3,"1":2,"2":1,"3":3},"b":{"0":[1,2],"1":[3,2],"2":[2,2],"3":[2,2],"4":[2,2],"5":[2,2]},"_coverageSchema":"1a1c01bbd47fc00a2c39e90264f33305004495a9","hash":"9c697068be55b43b37b9d957117bbb43c63e67ce"},"/workspaces/a2_engine/services/capability-registry/src/index.js":{"path":"/workspaces/a2_engine/services/capability-registry/src/index.js","statementMap":{"0":{"start":{"line":1,"column":16},"end":{"line":1,"column":34}},"1":{"start":{"line":2,"column":12},"end":{"line":2,"column":21}},"2":{"start":{"line":3,"column":0},"end":{"line":3,"column":24}},"3":{"start":{"line":6,"column":22},"end":{"line":17,"column":1}},"4":{"start":{"line":20,"column":0},"end":{"line":24,"column":3}},"5":{"start":{"line":21,"column":16},"end":{"line":21,"column":37}},"6":{"start":{"line":22,"column":4},"end":{"line":22,"column":81}},"7":{"start":{"line":22,"column":29},"end":{"line":22,"column":81}},"8":{"start":{"line":23,"column":4},"end":{"line":23,"column":57}},"9":{"start":{"line":27,"column":0},"end":{"line":27,"column":93}},"10":{"start":{"line":27,"column":33},"end":{"line":27,"column":91}},"11":{"start":{"line":29,"column":0},"end":{"line":33,"column":1}},"12":{"start":{"line":30,"column":4},"end":{"line":32,"column":7}},"13":{"start":{"line":31,"column":8},"end":{"line":31,"column":72}},"14":{"start":{"line":36,"column":0},"end":{"line":36,"column":21}}},"fnMap":{"0":{"name":"(anonymous_0)","decl":{"start":{"line":20,"column":37},"end":{"line":20,"column":38}},"loc":{"start":{"line":20,"column":51},"end":{"line":24,"column":1}},"line":20},"1":{"name":"(anonymous_1)","decl":{"start":{"line":27,"column":19},"end":{"line":27,"column":20}},"loc":{"start":{"line":27,"column":33},"end":{"line":27,"column":91}},"line":27},"2":{"name":"(anonymous_2)","decl":{"start":{"line":30,"column":21},"end":{"line":30,"column":22}},"loc":{"start":{"line":30,"column":27},"end":{"line":32,"column":5}},"line":30}},"branchMap":{"0":{"loc":{"start":{"line":22,"column":4},"end":{"line":22,"column":81}},"type":"if","locations":[{"start":{"line":22,"column":4},"end":{"line":22,"column":81}},{"start":{},"end":{}}],"line":22},"1":{"loc":{"start":{"line":29,"column":0},"end":{"line":33,"column":1}},"type":"if","locations":[{"start":{"line":29,"column":0},"end":{"line":33,"column":1}},{"start":{},"end":{}}],"line":29}},"s":{"0":0,"1":0,"2":0,"3":0,"4":0,"5":0,"6":0,"7":0,"8":0,"9":0,"10":0,"11":0,"12":0,"13":0,"14":0},"f":{"0":0,"1":0,"2":0},"b":{"0":[0,0],"1":[0,0]}},"/workspaces/a2_engine/services/execution-engine/src/index.js":{"path":"/workspaces/a2_engine/services/execution-engine/src/index.js","statementMap":{"0":{"start":{"line":1,"column":16},"end":{"line":1,"column":34}},"1":{"start":{"line":2,"column":25},"end":{"line":2,"column":66}},"2":{"start":{"line":3,"column":14},"end":{"line":3,"column":30}},"3":{"start":{"line":4,"column":31},"end":{"line":4,"column":53}},"4":{"start":{"line":5,"column":12},"end":{"line":5,"column":21}},"5":{"start":{"line":6,"column":0},"end":{"line":6,"column":24}},"6":{"start":{"line":8,"column":28},"end":{"line":8,"column":92}},"7":{"start":{"line":9,"column":29},"end":{"line":9,"column":95}},"8":{"start":{"line":12,"column":0},"end":{"line":12,"column":90}},"9":{"start":{"line":12,"column":33},"end":{"line":12,"column":88}},"10":{"start":{"line":15,"column":0},"end":{"line":49,"column":3}},"11":{"start":{"line":16,"column":32},"end":{"line":16,"column":40}},"12":{"start":{"line":17,"column":4},"end":{"line":17,"column":92}},"13":{"start":{"line":17,"column":26},"end":{"line":17,"column":92}},"14":{"start":{"line":18,"column":19},"end":{"line":18,"column":44}},"15":{"start":{"line":19,"column":20},"end":{"line":19,"column":53}},"16":{"start":{"line":20,"column":4},"end":{"line":48,"column":5}},"17":{"start":{"line":22,"column":24},"end":{"line":28,"column":9}},"18":{"start":{"line":29,"column":8},"end":{"line":29,"column":70}},"19":{"start":{"line":31,"column":8},"end":{"line":36,"column":11}},"20":{"start":{"line":38,"column":8},"end":{"line":40,"column":44}},"21":{"start":{"line":39,"column":12},"end":{"line":39,"column":111}},"22":{"start":{"line":42,"column":8},"end":{"line":44,"column":44}},"23":{"start":{"line":43,"column":12},"end":{"line":43,"column":73}},"24":{"start":{"line":45,"column":8},"end":{"line":45,"column":104}},"25":{"start":{"line":47,"column":8},"end":{"line":47,"column":91}},"26":{"start":{"line":52,"column":0},"end":{"line":54,"column":3}},"27":{"start":{"line":53,"column":4},"end":{"line":53,"column":26}},"28":{"start":{"line":56,"column":0},"end":{"line":60,"column":1}},"29":{"start":{"line":57,"column":4},"end":{"line":59,"column":7}},"30":{"start":{"line":58,"column":8},"end":{"line":58,"column":69}},"31":{"start":{"line":62,"column":0},"end":{"line":62,"column":21}}},"fnMap":{"0":{"name":"(anonymous_0)","decl":{"start":{"line":12,"column":19},"end":{"line":12,"column":20}},"loc":{"start":{"line":12,"column":33},"end":{"line":12,"column":88}},"line":12},"1":{"name":"(anonymous_1)","decl":{"start":{"line":15,"column":22},"end":{"line":15,"column":23}},"loc":{"start":{"line":15,"column":42},"end":{"line":49,"column":1}},"line":15},"2":{"name":"(anonymous_2)","decl":{"start":{"line":52,"column":18},"end":{"line":52,"column":19}},"loc":{"start":{"line":52,"column":32},"end":{"line":54,"column":1}},"line":52},"3":{"name":"(anonymous_3)","decl":{"start":{"line":57,"column":21},"end":{"line":57,"column":22}},"loc":{"start":{"line":57,"column":27},"end":{"line":59,"column":5}},"line":57}},"branchMap":{"0":{"loc":{"start":{"line":8,"column":28},"end":{"line":8,"column":92}},"type":"binary-expr","locations":[{"start":{"line":8,"column":28},"end":{"line":8,"column":59}},{"start":{"line":8,"column":63},"end":{"line":8,"column":92}}],"line":8},"1":{"loc":{"start":{"line":9,"column":29},"end":{"line":9,"column":95}},"type":"binary-expr","locations":[{"start":{"line":9,"column":29},"end":{"line":9,"column":61}},{"start":{"line":9,"column":65},"end":{"line":9,"column":95}}],"line":9},"2":{"loc":{"start":{"line":17,"column":4},"end":{"line":17,"column":92}},"type":"if","locations":[{"start":{"line":17,"column":4},"end":{"line":17,"column":92}},{"start":{},"end":{}}],"line":17},"3":{"loc":{"start":{"line":56,"column":0},"end":{"line":60,"column":1}},"type":"if","locations":[{"start":{"line":56,"column":0},"end":{"line":60,"column":1}},{"start":{},"end":{}}],"line":56}},"s":{"0":0,"1":0,"2":0,"3":0,"4":0,"5":0,"6":0,"7":0,"8":0,"9":0,"10":0,"11":0,"12":0,"13":0,"14":0,"15":0,"16":0,"17":0,"18":0,"19":0,"20":0,"21":0,"22":0,"23":0,"24":0,"25":0,"26":0,"27":0,"28":0,"29":0,"30":0,"31":0},"f":{"0":0,"1":0,"2":0,"3":0},"b":{"0":[0,0],"1":[0,0],"2":[0,0],"3":[0,0]}},"/workspaces/a2_engine/services/execution-engine/src/taskStore.js":{"path":"/workspaces/a2_engine/services/execution-engine/src/taskStore.js","statementMap":{"0":{"start":{"line":2,"column":14},"end":{"line":2,"column":16}},"1":{"start":{"line":5,"column":2},"end":{"line":5,"column":19}},"2":{"start":{"line":9,"column":2},"end":{"line":9,"column":15}},"3":{"start":{"line":13,"column":2},"end":{"line":13,"column":19}},"4":{"start":{"line":16,"column":0},"end":{"line":16,"column":52}}},"fnMap":{"0":{"name":"addTask","decl":{"start":{"line":4,"column":9},"end":{"line":4,"column":16}},"loc":{"start":{"line":4,"column":23},"end":{"line":6,"column":1}},"line":4},"1":{"name":"listTasks","decl":{"start":{"line":8,"column":9},"end":{"line":8,"column":18}},"loc":{"start":{"line":8,"column":21},"end":{"line":10,"column":1}},"line":8},"2":{"name":"resetTasks","decl":{"start":{"line":12,"column":9},"end":{"line":12,"column":19}},"loc":{"start":{"line":12,"column":22},"end":{"line":14,"column":1}},"line":12}},"branchMap":{},"s":{"0":0,"1":0,"2":0,"3":0,"4":0},"f":{"0":0,"1":0,"2":0},"b":{}},"/workspaces/a2_engine/services/feedback-engine/src/index.js":{"path":"/workspaces/a2_engine/services/feedback-engine/src/index.js","statementMap":{"0":{"start":{"line":1,"column":16},"end":{"line":1,"column":34}},"1":{"start":{"line":2,"column":17},"end":{"line":2,"column":36}},"2":{"start":{"line":3,"column":25},"end":{"line":3,"column":66}},"3":{"start":{"line":4,"column":14},"end":{"line":4,"column":30}},"4":{"start":{"line":5,"column":12},"end":{"line":5,"column":21}},"5":{"start":{"line":6,"column":0},"end":{"line":6,"column":24}},"6":{"start":{"line":9,"column":0},"end":{"line":9,"column":115}},"7":{"start":{"line":12,"column":23},"end":{"line":16,"column":2}},"8":{"start":{"line":17,"column":17},"end":{"line":17,"column":59}},"9":{"start":{"line":20,"column":29},"end":{"line":20,"column":95}},"10":{"start":{"line":21,"column":22},"end":{"line":21,"column":74}},"11":{"start":{"line":24,"column":0},"end":{"line":38,"column":3}},"12":{"start":{"line":25,"column":21},"end":{"line":25,"column":43}},"13":{"start":{"line":26,"column":4},"end":{"line":26,"column":26}},"14":{"start":{"line":27,"column":4},"end":{"line":27,"column":80}},"15":{"start":{"line":29,"column":4},"end":{"line":31,"column":40}},"16":{"start":{"line":30,"column":8},"end":{"line":30,"column":68}},"17":{"start":{"line":33,"column":4},"end":{"line":36,"column":5}},"18":{"start":{"line":35,"column":8},"end":{"line":35,"column":105}},"19":{"start":{"line":37,"column":4},"end":{"line":37,"column":35}},"20":{"start":{"line":41,"column":0},"end":{"line":44,"column":3}},"21":{"start":{"line":42,"column":22},"end":{"line":42,"column":43}},"22":{"start":{"line":43,"column":4},"end":{"line":43,"column":24}},"23":{"start":{"line":47,"column":0},"end":{"line":47,"column":89}},"24":{"start":{"line":47,"column":33},"end":{"line":47,"column":87}},"25":{"start":{"line":49,"column":0},"end":{"line":53,"column":1}},"26":{"start":{"line":50,"column":4},"end":{"line":52,"column":7}},"27":{"start":{"line":51,"column":8},"end":{"line":51,"column":68}},"28":{"start":{"line":55,"column":0},"end":{"line":55,"column":21}}},"fnMap":{"0":{"name":"(anonymous_0)","decl":{"start":{"line":24,"column":22},"end":{"line":24,"column":23}},"loc":{"start":{"line":24,"column":42},"end":{"line":38,"column":1}},"line":24},"1":{"name":"(anonymous_1)","decl":{"start":{"line":41,"column":21},"end":{"line":41,"column":22}},"loc":{"start":{"line":41,"column":41},"end":{"line":44,"column":1}},"line":41},"2":{"name":"(anonymous_2)","decl":{"start":{"line":47,"column":19},"end":{"line":47,"column":20}},"loc":{"start":{"line":47,"column":33},"end":{"line":47,"column":87}},"line":47},"3":{"name":"(anonymous_3)","decl":{"start":{"line":50,"column":21},"end":{"line":50,"column":22}},"loc":{"start":{"line":50,"column":27},"end":{"line":52,"column":5}},"line":50}},"branchMap":{"0":{"loc":{"start":{"line":20,"column":29},"end":{"line":20,"column":95}},"type":"binary-expr","locations":[{"start":{"line":20,"column":29},"end":{"line":20,"column":61}},{"start":{"line":20,"column":65},"end":{"line":20,"column":95}}],"line":20},"1":{"loc":{"start":{"line":21,"column":22},"end":{"line":21,"column":74}},"type":"binary-expr","locations":[{"start":{"line":21,"column":22},"end":{"line":21,"column":47}},{"start":{"line":21,"column":51},"end":{"line":21,"column":74}}],"line":21},"2":{"loc":{"start":{"line":27,"column":38},"end":{"line":27,"column":68}},"type":"binary-expr","locations":[{"start":{"line":27,"column":38},"end":{"line":27,"column":54}},{"start":{"line":27,"column":58},"end":{"line":27,"column":68}}],"line":27},"3":{"loc":{"start":{"line":33,"column":4},"end":{"line":36,"column":5}},"type":"if","locations":[{"start":{"line":33,"column":4},"end":{"line":36,"column":5}},{"start":{},"end":{}}],"line":33},"4":{"loc":{"start":{"line":35,"column":63},"end":{"line":35,"column":93}},"type":"binary-expr","locations":[{"start":{"line":35,"column":63},"end":{"line":35,"column":79}},{"start":{"line":35,"column":83},"end":{"line":35,"column":93}}],"line":35},"5":{"loc":{"start":{"line":49,"column":0},"end":{"line":53,"column":1}},"type":"if","locations":[{"start":{"line":49,"column":0},"end":{"line":53,"column":1}},{"start":{},"end":{}}],"line":49}},"s":{"0":0,"1":0,"2":0,"3":0,"4":0,"5":0,"6":0,"7":0,"8":0,"9":0,"10":0,"11":0,"12":0,"13":0,"14":0,"15":0,"16":0,"17":0,"18":0,"19":0,"20":0,"21":0,"22":0,"23":0,"24":0,"25":0,"26":0,"27":0,"28":0},"f":{"0":0,"1":0,"2":0,"3":0},"b":{"0":[0,0],"1":[0,0],"2":[0,0],"3":[0,0],"4":[0,0],"5":[0,0]}},"/workspaces/a2_engine/services/governance-hooks/src/index.js":{"path":"/workspaces/a2_engine/services/governance-hooks/src/index.js","statementMap":{"0":{"start":{"line":1,"column":16},"end":{"line":1,"column":34}},"1":{"start":{"line":2,"column":12},"end":{"line":2,"column":21}},"2":{"start":{"line":3,"column":0},"end":{"line":3,"column":24}},"3":{"start":{"line":4,"column":25},"end":{"line":4,"column":66}},"4":{"start":{"line":7,"column":0},"end":{"line":7,"column":90}},"5":{"start":{"line":7,"column":33},"end":{"line":7,"column":88}},"6":{"start":{"line":10,"column":0},"end":{"line":14,"column":3}},"7":{"start":{"line":11,"column":4},"end":{"line":11,"column":81}},"8":{"start":{"line":13,"column":4},"end":{"line":13,"column":52}},"9":{"start":{"line":17,"column":0},"end":{"line":21,"column":3}},"10":{"start":{"line":18,"column":4},"end":{"line":18,"column":79}},"11":{"start":{"line":20,"column":4},"end":{"line":20,"column":50}},"12":{"start":{"line":23,"column":0},"end":{"line":27,"column":1}},"13":{"start":{"line":24,"column":4},"end":{"line":26,"column":7}},"14":{"start":{"line":25,"column":8},"end":{"line":25,"column":69}},"15":{"start":{"line":29,"column":0},"end":{"line":29,"column":21}}},"fnMap":{"0":{"name":"(anonymous_0)","decl":{"start":{"line":7,"column":19},"end":{"line":7,"column":20}},"loc":{"start":{"line":7,"column":33},"end":{"line":7,"column":88}},"line":7},"1":{"name":"(anonymous_1)","decl":{"start":{"line":10,"column":19},"end":{"line":10,"column":20}},"loc":{"start":{"line":10,"column":33},"end":{"line":14,"column":1}},"line":10},"2":{"name":"(anonymous_2)","decl":{"start":{"line":17,"column":24},"end":{"line":17,"column":25}},"loc":{"start":{"line":17,"column":38},"end":{"line":21,"column":1}},"line":17},"3":{"name":"(anonymous_3)","decl":{"start":{"line":24,"column":21},"end":{"line":24,"column":22}},"loc":{"start":{"line":24,"column":27},"end":{"line":26,"column":5}},"line":24}},"branchMap":{"0":{"loc":{"start":{"line":11,"column":39},"end":{"line":11,"column":69}},"type":"binary-expr","locations":[{"start":{"line":11,"column":39},"end":{"line":11,"column":55}},{"start":{"line":11,"column":59},"end":{"line":11,"column":69}}],"line":11},"1":{"loc":{"start":{"line":18,"column":37},"end":{"line":18,"column":67}},"type":"binary-expr","locations":[{"start":{"line":18,"column":37},"end":{"line":18,"column":53}},{"start":{"line":18,"column":57},"end":{"line":18,"column":67}}],"line":18},"2":{"loc":{"start":{"line":23,"column":0},"end":{"line":27,"column":1}},"type":"if","locations":[{"start":{"line":23,"column":0},"end":{"line":27,"column":1}},{"start":{},"end":{}}],"line":23}},"s":{"0":0,"1":0,"2":0,"3":0,"4":0,"5":0,"6":0,"7":0,"8":0,"9":0,"10":0,"11":0,"12":0,"13":0,"14":0,"15":0},"f":{"0":0,"1":0,"2":0,"3":0},"b":{"0":[0,0],"1":[0,0],"2":[0,0]}},"/workspaces/a2_engine/services/mgtl-plus/src/index.js":{"path":"/workspaces/a2_engine/services/mgtl-plus/src/index.js","statementMap":{"0":{"start":{"line":1,"column":16},"end":{"line":1,"column":34}},"1":{"start":{"line":2,"column":19},"end":{"line":2,"column":41}},"2":{"start":{"line":3,"column":59},"end":{"line":3,"column":120}},"3":{"start":{"line":4,"column":14},"end":{"line":4,"column":30}},"4":{"start":{"line":5,"column":40},"end":{"line":5,"column":81}},"5":{"start":{"line":7,"column":12},"end":{"line":7,"column":21}},"6":{"start":{"line":8,"column":0},"end":{"line":8,"column":27}},"7":{"start":{"line":10,"column":18},"end":{"line":10,"column":19}},"8":{"start":{"line":11,"column":19},"end":{"line":11,"column":22}},"9":{"start":{"line":14,"column":0},"end":{"line":14,"column":83}},"10":{"start":{"line":14,"column":33},"end":{"line":14,"column":81}},"11":{"start":{"line":17,"column":28},"end":{"line":17,"column":58}},"12":{"start":{"line":18,"column":21},"end":{"line":18,"column":59}},"13":{"start":{"line":21,"column":0},"end":{"line":82,"column":3}},"14":{"start":{"line":22,"column":112},"end":{"line":22,"column":120}},"15":{"start":{"line":24,"column":4},"end":{"line":26,"column":5}},"16":{"start":{"line":25,"column":8},"end":{"line":25,"column":78}},"17":{"start":{"line":27,"column":4},"end":{"line":29,"column":5}},"18":{"start":{"line":28,"column":8},"end":{"line":28,"column":84}},"19":{"start":{"line":31,"column":21},"end":{"line":57,"column":6}},"20":{"start":{"line":32,"column":26},"end":{"line":32,"column":73}},"21":{"start":{"line":33,"column":24},"end":{"line":33,"column":39}},"22":{"start":{"line":34,"column":8},"end":{"line":56,"column":10}},"23":{"start":{"line":59,"column":4},"end":{"line":63,"column":5}},"24":{"start":{"line":60,"column":8},"end":{"line":62,"column":9}},"25":{"start":{"line":61,"column":12},"end":{"line":61,"column":91}},"26":{"start":{"line":65,"column":4},"end":{"line":69,"column":5}},"27":{"start":{"line":66,"column":8},"end":{"line":68,"column":9}},"28":{"start":{"line":67,"column":12},"end":{"line":67,"column":98}},"29":{"start":{"line":71,"column":4},"end":{"line":71,"column":82}},"30":{"start":{"line":73,"column":4},"end":{"line":81,"column":5}},"31":{"start":{"line":74,"column":24},"end":{"line":77,"column":11}},"32":{"start":{"line":75,"column":29},"end":{"line":75,"column":112}},"33":{"start":{"line":76,"column":12},"end":{"line":76,"column":33}},"34":{"start":{"line":78,"column":8},"end":{"line":78,"column":106}},"35":{"start":{"line":80,"column":8},"end":{"line":80,"column":97}},"36":{"start":{"line":84,"column":0},"end":{"line":88,"column":1}},"37":{"start":{"line":85,"column":4},"end":{"line":87,"column":7}},"38":{"start":{"line":86,"column":8},"end":{"line":86,"column":58}},"39":{"start":{"line":91,"column":0},"end":{"line":91,"column":21}},"40":{"start":{"line":92,"column":0},"end":{"line":92,"column":127}},"41":{"start":{"line":92,"column":58},"end":{"line":92,"column":103}}},"fnMap":{"0":{"name":"(anonymous_0)","decl":{"start":{"line":14,"column":19},"end":{"line":14,"column":20}},"loc":{"start":{"line":14,"column":33},"end":{"line":14,"column":81}},"line":14},"1":{"name":"(anonymous_1)","decl":{"start":{"line":21,"column":28},"end":{"line":21,"column":29}},"loc":{"start":{"line":21,"column":48},"end":{"line":82,"column":1}},"line":21},"2":{"name":"(anonymous_2)","decl":{"start":{"line":31,"column":31},"end":{"line":31,"column":32}},"loc":{"start":{"line":31,"column":36},"end":{"line":57,"column":5}},"line":31},"3":{"name":"(anonymous_3)","decl":{"start":{"line":74,"column":55},"end":{"line":74,"column":56}},"loc":{"start":{"line":74,"column":69},"end":{"line":77,"column":9}},"line":74},"4":{"name":"(anonymous_4)","decl":{"start":{"line":85,"column":21},"end":{"line":85,"column":22}},"loc":{"start":{"line":85,"column":27},"end":{"line":87,"column":5}},"line":85},"5":{"name":"(anonymous_5)","decl":{"start":{"line":92,"column":53},"end":{"line":92,"column":54}},"loc":{"start":{"line":92,"column":58},"end":{"line":92,"column":103}},"line":92}},"branchMap":{"0":{"loc":{"start":{"line":22,"column":33},"end":{"line":22,"column":42}},"type":"default-arg","locations":[{"start":{"line":22,"column":41},"end":{"line":22,"column":42}}],"line":22},"1":{"loc":{"start":{"line":22,"column":44},"end":{"line":22,"column":57}},"type":"default-arg","locations":[{"start":{"line":22,"column":53},"end":{"line":22,"column":57}}],"line":22},"2":{"loc":{"start":{"line":22,"column":59},"end":{"line":22,"column":76}},"type":"default-arg","locations":[{"start":{"line":22,"column":72},"end":{"line":22,"column":76}}],"line":22},"3":{"loc":{"start":{"line":22,"column":78},"end":{"line":22,"column":93}},"type":"default-arg","locations":[{"start":{"line":22,"column":91},"end":{"line":22,"column":93}}],"line":22},"4":{"loc":{"start":{"line":22,"column":95},"end":{"line":22,"column":107}},"type":"default-arg","locations":[{"start":{"line":22,"column":105},"end":{"line":22,"column":107}}],"line":22},"5":{"loc":{"start":{"line":24,"column":4},"end":{"line":26,"column":5}},"type":"if","locations":[{"start":{"line":24,"column":4},"end":{"line":26,"column":5}},{"start":{},"end":{}}],"line":24},"6":{"loc":{"start":{"line":27,"column":4},"end":{"line":29,"column":5}},"type":"if","locations":[{"start":{"line":27,"column":4},"end":{"line":29,"column":5}},{"start":{},"end":{}}],"line":27},"7":{"loc":{"start":{"line":60,"column":8},"end":{"line":62,"column":9}},"type":"if","locations":[{"start":{"line":60,"column":8},"end":{"line":62,"column":9}},{"start":{},"end":{}}],"line":60},"8":{"loc":{"start":{"line":66,"column":8},"end":{"line":68,"column":9}},"type":"if","locations":[{"start":{"line":66,"column":8},"end":{"line":68,"column":9}},{"start":{},"end":{}}],"line":66},"9":{"loc":{"start":{"line":66,"column":12},"end":{"line":66,"column":123}},"type":"binary-expr","locations":[{"start":{"line":66,"column":12},"end":{"line":66,"column":71}},{"start":{"line":66,"column":75},"end":{"line":66,"column":123}}],"line":66},"10":{"loc":{"start":{"line":84,"column":0},"end":{"line":88,"column":1}},"type":"if","locations":[{"start":{"line":84,"column":0},"end":{"line":88,"column":1}},{"start":{},"end":{}}],"line":84},"11":{"loc":{"start":{"line":92,"column":58},"end":{"line":92,"column":103}},"type":"binary-expr","locations":[{"start":{"line":92,"column":58},"end":{"line":92,"column":65}},{"start":{"line":92,"column":69},"end":{"line":92,"column":103}}],"line":92}},"s":{"0":0,"1":0,"2":0,"3":0,"4":0,"5":0,"6":0,"7":0,"8":0,"9":0,"10":0,"11":0,"12":0,"13":0,"14":0,"15":0,"16":0,"17":0,"18":0,"19":0,"20":0,"21":0,"22":0,"23":0,"24":0,"25":0,"26":0,"27":0,"28":0,"29":0,"30":0,"31":0,"32":0,"33":0,"34":0,"35":0,"36":0,"37":0,"38":0,"39":0,"40":0,"41":0},"f":{"0":0,"1":0,"2":0,"3":0,"4":0,"5":0},"b":{"0":[0],"1":[0],"2":[0],"3":[0],"4":[0],"5":[0,0],"6":[0,0],"7":[0,0],"8":[0,0],"9":[0,0],"10":[0,0],"11":[0,0]}},"/workspaces/a2_engine/services/resource-allocator/src/index.js":{"path":"/workspaces/a2_engine/services/resource-allocator/src/index.js","statementMap":{"0":{"start":{"line":1,"column":16},"end":{"line":1,"column":34}},"1":{"start":{"line":2,"column":12},"end":{"line":2,"column":21}},"2":{"start":{"line":3,"column":0},"end":{"line":3,"column":24}},"3":{"start":{"line":4,"column":46},"end":{"line":4,"column":68}},"4":{"start":{"line":7,"column":0},"end":{"line":14,"column":3}},"5":{"start":{"line":8,"column":65},"end":{"line":8,"column":73}},"6":{"start":{"line":9,"column":19},"end":{"line":9,"column":85}},"7":{"start":{"line":10,"column":4},"end":{"line":12,"column":5}},"8":{"start":{"line":11,"column":8},"end":{"line":11,"column":61}},"9":{"start":{"line":13,"column":4},"end":{"line":13,"column":21}},"10":{"start":{"line":17,"column":0},"end":{"line":19,"column":3}},"11":{"start":{"line":18,"column":4},"end":{"line":18,"column":32}},"12":{"start":{"line":22,"column":0},"end":{"line":22,"column":92}},"13":{"start":{"line":22,"column":33},"end":{"line":22,"column":90}},"14":{"start":{"line":24,"column":0},"end":{"line":28,"column":1}},"15":{"start":{"line":25,"column":4},"end":{"line":27,"column":7}},"16":{"start":{"line":26,"column":8},"end":{"line":26,"column":71}},"17":{"start":{"line":30,"column":0},"end":{"line":30,"column":21}}},"fnMap":{"0":{"name":"(anonymous_0)","decl":{"start":{"line":7,"column":22},"end":{"line":7,"column":23}},"loc":{"start":{"line":7,"column":36},"end":{"line":14,"column":1}},"line":7},"1":{"name":"(anonymous_1)","decl":{"start":{"line":17,"column":24},"end":{"line":17,"column":25}},"loc":{"start":{"line":17,"column":38},"end":{"line":19,"column":1}},"line":17},"2":{"name":"(anonymous_2)","decl":{"start":{"line":22,"column":19},"end":{"line":22,"column":20}},"loc":{"start":{"line":22,"column":33},"end":{"line":22,"column":90}},"line":22},"3":{"name":"(anonymous_3)","decl":{"start":{"line":25,"column":21},"end":{"line":25,"column":22}},"loc":{"start":{"line":25,"column":27},"end":{"line":27,"column":5}},"line":25}},"branchMap":{"0":{"loc":{"start":{"line":10,"column":4},"end":{"line":12,"column":5}},"type":"if","locations":[{"start":{"line":10,"column":4},"end":{"line":12,"column":5}},{"start":{},"end":{}}],"line":10},"1":{"loc":{"start":{"line":24,"column":0},"end":{"line":28,"column":1}},"type":"if","locations":[{"start":{"line":24,"column":0},"end":{"line":28,"column":1}},{"start":{},"end":{}}],"line":24}},"s":{"0":0,"1":0,"2":0,"3":0,"4":0,"5":0,"6":0,"7":0,"8":0,"9":0,"10":0,"11":0,"12":0,"13":0,"14":0,"15":0,"16":0,"17":0},"f":{"0":0,"1":0,"2":0,"3":0},"b":{"0":[0,0],"1":[0,0]}},"/workspaces/a2_engine/services/resource-allocator/src/allocator.js":{"path":"/workspaces/a2_engine/services/resource-allocator/src/allocator.js","statementMap":{"0":{"start":{"line":2,"column":22},"end":{"line":6,"column":1}},"1":{"start":{"line":8,"column":20},"end":{"line":8,"column":22}},"2":{"start":{"line":9,"column":15},"end":{"line":9,"column":17}},"3":{"start":{"line":12,"column":15},"end":{"line":12,"column":42}},"4":{"start":{"line":13,"column":2},"end":{"line":13,"column":55}},"5":{"start":{"line":13,"column":13},"end":{"line":13,"column":55}},"6":{"start":{"line":14,"column":2},"end":{"line":14,"column":83}},"7":{"start":{"line":14,"column":40},"end":{"line":14,"column":83}},"8":{"start":{"line":15,"column":2},"end":{"line":15,"column":36}},"9":{"start":{"line":16,"column":21},"end":{"line":23,"column":3}},"10":{"start":{"line":24,"column":2},"end":{"line":24,"column":31}},"11":{"start":{"line":25,"column":2},"end":{"line":25,"column":20}},"12":{"start":{"line":29,"column":2},"end":{"line":29,"column":21}},"13":{"start":{"line":33,"column":2},"end":{"line":33,"column":56}},"14":{"start":{"line":34,"column":2},"end":{"line":34,"column":62}},"15":{"start":{"line":35,"column":2},"end":{"line":35,"column":62}},"16":{"start":{"line":36,"column":2},"end":{"line":36,"column":25}},"17":{"start":{"line":39,"column":0},"end":{"line":39,"column":95}}},"fnMap":{"0":{"name":"allocateResource","decl":{"start":{"line":11,"column":9},"end":{"line":11,"column":25}},"loc":{"start":{"line":11,"column":80},"end":{"line":26,"column":1}},"line":11},"1":{"name":"listAllocations","decl":{"start":{"line":28,"column":9},"end":{"line":28,"column":24}},"loc":{"start":{"line":28,"column":27},"end":{"line":30,"column":1}},"line":28},"2":{"name":"resetPools","decl":{"start":{"line":32,"column":9},"end":{"line":32,"column":19}},"loc":{"start":{"line":32,"column":22},"end":{"line":37,"column":1}},"line":32}},"branchMap":{"0":{"loc":{"start":{"line":11,"column":66},"end":{"line":11,"column":78}},"type":"default-arg","locations":[{"start":{"line":11,"column":77},"end":{"line":11,"column":78}}],"line":11},"1":{"loc":{"start":{"line":13,"column":2},"end":{"line":13,"column":55}},"type":"if","locations":[{"start":{"line":13,"column":2},"end":{"line":13,"column":55}},{"start":{},"end":{}}],"line":13},"2":{"loc":{"start":{"line":14,"column":2},"end":{"line":14,"column":83}},"type":"if","locations":[{"start":{"line":14,"column":2},"end":{"line":14,"column":83}},{"start":{},"end":{}}],"line":14}},"s":{"0":0,"1":0,"2":0,"3":0,"4":0,"5":0,"6":0,"7":0,"8":0,"9":0,"10":0,"11":0,"12":0,"13":0,"14":0,"15":0,"16":0,"17":0},"f":{"0":0,"1":0,"2":0},"b":{"0":[0],"1":[0,0],"2":[0,0]}},"/workspaces/a2_engine/services/role-registry/src/index.js":{"path":"/workspaces/a2_engine/services/role-registry/src/index.js","statementMap":{"0":{"start":{"line":1,"column":16},"end":{"line":1,"column":34}},"1":{"start":{"line":2,"column":17},"end":{"line":2,"column":36}},"2":{"start":{"line":3,"column":12},"end":{"line":3,"column":21}},"3":{"start":{"line":4,"column":0},"end":{"line":4,"column":24}},"4":{"start":{"line":7,"column":0},"end":{"line":7,"column":113}},"5":{"start":{"line":10,"column":19},"end":{"line":14,"column":2}},"6":{"start":{"line":15,"column":13},"end":{"line":15,"column":47}},"7":{"start":{"line":18,"column":0},"end":{"line":22,"column":3}},"8":{"start":{"line":19,"column":17},"end":{"line":19,"column":35}},"9":{"start":{"line":20,"column":4},"end":{"line":20,"column":22}},"10":{"start":{"line":21,"column":4},"end":{"line":21,"column":31}},"11":{"start":{"line":25,"column":0},"end":{"line":28,"column":3}},"12":{"start":{"line":26,"column":18},"end":{"line":26,"column":35}},"13":{"start":{"line":27,"column":4},"end":{"line":27,"column":20}},"14":{"start":{"line":31,"column":0},"end":{"line":31,"column":87}},"15":{"start":{"line":31,"column":33},"end":{"line":31,"column":85}},"16":{"start":{"line":33,"column":0},"end":{"line":37,"column":1}},"17":{"start":{"line":34,"column":4},"end":{"line":36,"column":7}},"18":{"start":{"line":35,"column":8},"end":{"line":35,"column":66}},"19":{"start":{"line":39,"column":0},"end":{"line":39,"column":21}}},"fnMap":{"0":{"name":"(anonymous_0)","decl":{"start":{"line":18,"column":19},"end":{"line":18,"column":20}},"loc":{"start":{"line":18,"column":39},"end":{"line":22,"column":1}},"line":18},"1":{"name":"(anonymous_1)","decl":{"start":{"line":25,"column":18},"end":{"line":25,"column":19}},"loc":{"start":{"line":25,"column":38},"end":{"line":28,"column":1}},"line":25},"2":{"name":"(anonymous_2)","decl":{"start":{"line":31,"column":19},"end":{"line":31,"column":20}},"loc":{"start":{"line":31,"column":33},"end":{"line":31,"column":85}},"line":31},"3":{"name":"(anonymous_3)","decl":{"start":{"line":34,"column":21},"end":{"line":34,"column":22}},"loc":{"start":{"line":34,"column":27},"end":{"line":36,"column":5}},"line":34}},"branchMap":{"0":{"loc":{"start":{"line":33,"column":0},"end":{"line":37,"column":1}},"type":"if","locations":[{"start":{"line":33,"column":0},"end":{"line":37,"column":1}},{"start":{},"end":{}}],"line":33}},"s":{"0":0,"1":0,"2":0,"3":0,"4":0,"5":0,"6":0,"7":0,"8":0,"9":0,"10":0,"11":0,"12":0,"13":0,"14":0,"15":0,"16":0,"17":0,"18":0,"19":0},"f":{"0":0,"1":0,"2":0,"3":0},"b":{"0":[0,0]}},"/workspaces/a2_engine/services/swarm-manager/src/index.js":{"path":"/workspaces/a2_engine/services/swarm-manager/src/index.js","statementMap":{"0":{"start":{"line":1,"column":16},"end":{"line":1,"column":34}},"1":{"start":{"line":2,"column":14},"end":{"line":2,"column":30}},"2":{"start":{"line":3,"column":25},"end":{"line":3,"column":66}},"3":{"start":{"line":4,"column":12},"end":{"line":4,"column":21}},"4":{"start":{"line":5,"column":0},"end":{"line":5,"column":24}},"5":{"start":{"line":7,"column":18},"end":{"line":7,"column":19}},"6":{"start":{"line":8,"column":19},"end":{"line":8,"column":22}},"7":{"start":{"line":9,"column":24},"end":{"line":9,"column":85}},"8":{"start":{"line":12,"column":0},"end":{"line":12,"column":87}},"9":{"start":{"line":12,"column":33},"end":{"line":12,"column":85}},"10":{"start":{"line":15,"column":28},"end":{"line":15,"column":58}},"11":{"start":{"line":16,"column":21},"end":{"line":16,"column":59}},"12":{"start":{"line":19,"column":0},"end":{"line":42,"column":3}},"13":{"start":{"line":20,"column":32},"end":{"line":20,"column":40}},"14":{"start":{"line":21,"column":4},"end":{"line":21,"column":92}},"15":{"start":{"line":21,"column":26},"end":{"line":21,"column":92}},"16":{"start":{"line":23,"column":4},"end":{"line":25,"column":5}},"17":{"start":{"line":24,"column":8},"end":{"line":24,"column":69}},"18":{"start":{"line":26,"column":4},"end":{"line":28,"column":5}},"19":{"start":{"line":27,"column":8},"end":{"line":27,"column":70}},"20":{"start":{"line":30,"column":4},"end":{"line":32,"column":5}},"21":{"start":{"line":31,"column":8},"end":{"line":31,"column":98}},"22":{"start":{"line":33,"column":20},"end":{"line":33,"column":53}},"23":{"start":{"line":34,"column":4},"end":{"line":34,"column":66}},"24":{"start":{"line":35,"column":4},"end":{"line":41,"column":5}},"25":{"start":{"line":37,"column":24},"end":{"line":37,"column":92}},"26":{"start":{"line":38,"column":8},"end":{"line":38,"column":176}},"27":{"start":{"line":40,"column":8},"end":{"line":40,"column":104}},"28":{"start":{"line":45,"column":0},"end":{"line":48,"column":3}},"29":{"start":{"line":47,"column":4},"end":{"line":47,"column":17}},"30":{"start":{"line":50,"column":0},"end":{"line":54,"column":1}},"31":{"start":{"line":51,"column":4},"end":{"line":53,"column":7}},"32":{"start":{"line":52,"column":8},"end":{"line":52,"column":66}},"33":{"start":{"line":57,"column":0},"end":{"line":57,"column":21}}},"fnMap":{"0":{"name":"(anonymous_0)","decl":{"start":{"line":12,"column":19},"end":{"line":12,"column":20}},"loc":{"start":{"line":12,"column":33},"end":{"line":12,"column":85}},"line":12},"1":{"name":"(anonymous_1)","decl":{"start":{"line":19,"column":26},"end":{"line":19,"column":27}},"loc":{"start":{"line":19,"column":46},"end":{"line":42,"column":1}},"line":19},"2":{"name":"(anonymous_2)","decl":{"start":{"line":45,"column":19},"end":{"line":45,"column":20}},"loc":{"start":{"line":45,"column":33},"end":{"line":48,"column":1}},"line":45},"3":{"name":"(anonymous_3)","decl":{"start":{"line":51,"column":21},"end":{"line":51,"column":22}},"loc":{"start":{"line":51,"column":27},"end":{"line":53,"column":5}},"line":51}},"branchMap":{"0":{"loc":{"start":{"line":9,"column":24},"end":{"line":9,"column":85}},"type":"binary-expr","locations":[{"start":{"line":9,"column":24},"end":{"line":9,"column":51}},{"start":{"line":9,"column":55},"end":{"line":9,"column":85}}],"line":9},"1":{"loc":{"start":{"line":21,"column":4},"end":{"line":21,"column":92}},"type":"if","locations":[{"start":{"line":21,"column":4},"end":{"line":21,"column":92}},{"start":{},"end":{}}],"line":21},"2":{"loc":{"start":{"line":23,"column":4},"end":{"line":25,"column":5}},"type":"if","locations":[{"start":{"line":23,"column":4},"end":{"line":25,"column":5}},{"start":{},"end":{}}],"line":23},"3":{"loc":{"start":{"line":26,"column":4},"end":{"line":28,"column":5}},"type":"if","locations":[{"start":{"line":26,"column":4},"end":{"line":28,"column":5}},{"start":{},"end":{}}],"line":26},"4":{"loc":{"start":{"line":30,"column":4},"end":{"line":32,"column":5}},"type":"if","locations":[{"start":{"line":30,"column":4},"end":{"line":32,"column":5}},{"start":{},"end":{}}],"line":30},"5":{"loc":{"start":{"line":30,"column":8},"end":{"line":30,"column":145}},"type":"binary-expr","locations":[{"start":{"line":30,"column":8},"end":{"line":30,"column":80}},{"start":{"line":30,"column":84},"end":{"line":30,"column":145}}],"line":30},"6":{"loc":{"start":{"line":50,"column":0},"end":{"line":54,"column":1}},"type":"if","locations":[{"start":{"line":50,"column":0},"end":{"line":54,"column":1}},{"start":{},"end":{}}],"line":50}},"s":{"0":0,"1":0,"2":0,"3":0,"4":0,"5":0,"6":0,"7":0,"8":0,"9":0,"10":0,"11":0,"12":0,"13":0,"14":0,"15":0,"16":0,"17":0,"18":0,"19":0,"20":0,"21":0,"22":0,"23":0,"24":0,"25":0,"26":0,"27":0,"28":0,"29":0,"30":0,"31":0,"32":0,"33":0},"f":{"0":0,"1":0,"2":0,"3":0},"b":{"0":[0,0],"1":[0,0],"2":[0,0],"3":[0,0],"4":[0,0],"5":[0,0],"6":[0,0]}},"/workspaces/a2_engine/libs/common/src/index.js":{"path":"/workspaces/a2_engine/libs/common/src/index.js","statementMap":{"0":{"start":{"line":4,"column":4},"end":{"line":4,"column":66}},"1":{"start":{"line":8,"column":4},"end":{"line":8,"column":66}},"2":{"start":{"line":12,"column":4},"end":{"line":12,"column":79}},"3":{"start":{"line":15,"column":0},"end":{"line":15,"column":61}}},"fnMap":{"0":{"name":"generateId","decl":{"start":{"line":3,"column":9},"end":{"line":3,"column":19}},"loc":{"start":{"line":3,"column":35},"end":{"line":5,"column":1}},"line":3},"1":{"name":"createTraceId","decl":{"start":{"line":7,"column":9},"end":{"line":7,"column":22}},"loc":{"start":{"line":7,"column":41},"end":{"line":9,"column":1}},"line":7},"2":{"name":"logWithTrace","decl":{"start":{"line":11,"column":9},"end":{"line":11,"column":21}},"loc":{"start":{"line":11,"column":52},"end":{"line":13,"column":1}},"line":11}},"branchMap":{"0":{"loc":{"start":{"line":3,"column":20},"end":{"line":3,"column":33}},"type":"default-arg","locations":[{"start":{"line":3,"column":29},"end":{"line":3,"column":33}}],"line":3},"1":{"loc":{"start":{"line":7,"column":23},"end":{"line":7,"column":39}},"type":"default-arg","locations":[{"start":{"line":7,"column":32},"end":{"line":7,"column":39}}],"line":7},"2":{"loc":{"start":{"line":11,"column":40},"end":{"line":11,"column":50}},"type":"default-arg","locations":[{"start":{"line":11,"column":48},"end":{"line":11,"column":50}}],"line":11}},"s":{"0":0,"1":0,"2":0,"3":0},"f":{"0":0,"1":0,"2":0},"b":{"0":[0],"1":[0],"2":[0]}},"/workspaces/a2_engine/libs/shared-libraries/src/a2Agent.js":{"path":"/workspaces/a2_engine/libs/shared-libraries/src/a2Agent.js","statementMap":{"0":{"start":{"line":14,"column":17},"end":{"line":14,"column":52}},"1":{"start":{"line":19,"column":20},"end":{"line":19,"column":55}},"2":{"start":{"line":24,"column":13},"end":{"line":24,"column":48}},"3":{"start":{"line":27,"column":0},"end":{"line":27,"column":29}}},"fnMap":{"0":{"name":"(anonymous_0)","decl":{"start":{"line":14,"column":2},"end":{"line":14,"column":3}},"loc":{"start":{"line":14,"column":15},"end":{"line":14,"column":54}},"line":14},"1":{"name":"(anonymous_1)","decl":{"start":{"line":19,"column":2},"end":{"line":19,"column":3}},"loc":{"start":{"line":19,"column":18},"end":{"line":19,"column":57}},"line":19},"2":{"name":"(anonymous_2)","decl":{"start":{"line":24,"column":2},"end":{"line":24,"column":3}},"loc":{"start":{"line":24,"column":11},"end":{"line":24,"column":50}},"line":24}},"branchMap":{},"s":{"0":0,"1":0,"2":0,"3":0},"f":{"0":0,"1":0,"2":0},"b":{}},"/workspaces/a2_engine/libs/shared-libraries/src/subgoalEnvelope.js":{"path":"/workspaces/a2_engine/libs/shared-libraries/src/subgoalEnvelope.js","statementMap":{"0":{"start":{"line":3,"column":30},"end":{"line":43,"column":1}},"1":{"start":{"line":47,"column":2},"end":{"line":49,"column":3}},"2":{"start":{"line":48,"column":4},"end":{"line":48,"column":40}},"3":{"start":{"line":48,"column":27},"end":{"line":48,"column":40}},"4":{"start":{"line":50,"column":2},"end":{"line":50,"column":14}},"5":{"start":{"line":53,"column":0},"end":{"line":53,"column":68}}},"fnMap":{"0":{"name":"validateSubGoalEnvelope","decl":{"start":{"line":45,"column":9},"end":{"line":45,"column":32}},"loc":{"start":{"line":45,"column":42},"end":{"line":51,"column":1}},"line":45}},"branchMap":{"0":{"loc":{"start":{"line":48,"column":4},"end":{"line":48,"column":40}},"type":"if","locations":[{"start":{"line":48,"column":4},"end":{"line":48,"column":40}},{"start":{},"end":{}}],"line":48}},"s":{"0":0,"1":0,"2":0,"3":0,"4":0,"5":0},"f":{"0":0},"b":{"0":[0,0]}},"/workspaces/a2_engine/libs/shared-libraries/src/index.js":{"path":"/workspaces/a2_engine/libs/shared-libraries/src/index.js","statementMap":{"0":{"start":{"line":4,"column":4},"end":{"line":8,"column":5}},"1":{"start":{"line":5,"column":8},"end":{"line":7,"column":9}},"2":{"start":{"line":6,"column":12},"end":{"line":6,"column":25}},"3":{"start":{"line":9,"column":4},"end":{"line":9,"column":16}},"4":{"start":{"line":12,"column":0},"end":{"line":12,"column":37}}},"fnMap":{"0":{"name":"validatePayload","decl":{"start":{"line":3,"column":9},"end":{"line":3,"column":24}},"loc":{"start":{"line":3,"column":50},"end":{"line":10,"column":1}},"line":3}},"branchMap":{"0":{"loc":{"start":{"line":5,"column":8},"end":{"line":7,"column":9}},"type":"if","locations":[{"start":{"line":5,"column":8},"end":{"line":7,"column":9}},{"start":{},"end":{}}],"line":5}},"s":{"0":0,"1":0,"2":0,"3":0,"4":0},"f":{"0":0},"b":{"0":[0,0]}}}}
