TN:
SF:libs/common/src/index.js
FN:3,generateId
FN:7,createTraceId
FN:11,logWithTrace
FNF:3
FNH:2
FNDA:0,generateId
FNDA:4,createTraceId
FNDA:9,logWithTrace
DA:4,0
DA:8,4
DA:12,9
DA:15,7
LF:4
LH:3
BRDA:3,0,0,0
BRDA:7,1,0,4
BRDA:11,2,0,0
BRF:3
BRH:1
end_of_record
TN:
SF:libs/shared-libraries/src/a2Agent.js
FN:14,(anonymous_0)
FN:19,(anonymous_1)
FN:24,(anonymous_2)
FNF:3
FNH:0
FNDA:0,(anonymous_0)
FNDA:0,(anonymous_1)
FNDA:0,(anonymous_2)
DA:14,0
DA:19,0
DA:24,0
DA:27,0
LF:4
LH:0
BRF:0
BRH:0
end_of_record
TN:
SF:libs/shared-libraries/src/index.js
FN:3,validatePayload
FNF:1
FNH:0
FNDA:0,validatePayload
DA:4,0
DA:5,0
DA:6,0
DA:9,0
DA:12,0
LF:5
LH:0
BRDA:5,0,0,0
BRDA:5,0,1,0
BRF:2
BRH:0
end_of_record
TN:
SF:libs/shared-libraries/src/subgoalEnvelope.js
FN:45,validateSubGoalEnvelope
FNF:1
FNH:1
FNDA:6,validateSubGoalEnvelope
DA:3,2
DA:47,6
DA:48,42
DA:50,6
DA:53,2
LF:5
LH:5
BRDA:48,0,0,0
BRDA:48,0,1,42
BRF:2
BRH:1
end_of_record
TN:
SF:services/capability-registry/src/index.js
FN:20,(anonymous_0)
FN:27,(anonymous_1)
FN:30,(anonymous_2)
FNF:3
FNH:1
FNDA:2,(anonymous_0)
FNDA:0,(anonymous_1)
FNDA:0,(anonymous_2)
DA:1,1
DA:2,1
DA:3,1
DA:6,1
DA:20,1
DA:21,2
DA:22,2
DA:23,1
DA:27,1
DA:29,1
DA:30,0
DA:31,0
DA:36,1
LF:13
LH:11
BRDA:22,0,0,1
BRDA:22,0,1,1
BRDA:29,1,0,0
BRDA:29,1,1,1
BRF:4
BRH:3
end_of_record
TN:
SF:services/execution-engine/src/index.js
FN:11,(anonymous_0)
FN:14,(anonymous_1)
FN:44,(anonymous_2)
FN:50,(anonymous_3)
FNF:4
FNH:1
FNDA:0,(anonymous_0)
FNDA:4,(anonymous_1)
FNDA:0,(anonymous_2)
FNDA:0,(anonymous_3)
DA:1,3
DA:2,3
DA:3,3
DA:4,3
DA:5,3
DA:7,3
DA:8,3
DA:11,3
DA:14,3
DA:15,4
DA:16,4
DA:17,3
DA:18,3
DA:19,3
DA:21,3
DA:28,3
DA:30,3
DA:31,3
DA:34,3
DA:35,3
DA:37,3
DA:39,0
DA:44,3
DA:46,0
DA:49,3
DA:50,0
DA:51,0
DA:55,3
LF:28
LH:24
BRDA:7,0,0,3
BRDA:7,0,1,3
BRDA:8,1,0,3
BRDA:8,1,1,3
BRDA:16,2,0,1
BRDA:16,2,1,3
BRDA:49,3,0,0
BRDA:49,3,1,3
BRF:8
BRH:7
end_of_record
TN:
SF:services/feedback-engine/src/index.js
FN:24,(anonymous_0)
FN:41,(anonymous_1)
FN:47,(anonymous_2)
FN:50,(anonymous_3)
FNF:4
FNH:1
FNDA:1,(anonymous_0)
FNDA:0,(anonymous_1)
FNDA:0,(anonymous_2)
FNDA:0,(anonymous_3)
DA:1,2
DA:2,2
DA:3,2
DA:4,2
DA:5,2
DA:6,2
DA:9,2
DA:12,2
DA:17,2
DA:20,2
DA:21,2
DA:24,2
DA:25,1
DA:26,1
DA:27,1
DA:29,1
DA:30,1
DA:33,1
DA:35,0
DA:37,1
DA:41,2
DA:42,0
DA:43,0
DA:47,2
DA:49,2
DA:50,0
DA:51,0
DA:55,2
LF:28
LH:23
BRDA:20,0,0,2
BRDA:20,0,1,2
BRDA:21,1,0,2
BRDA:21,1,1,2
BRDA:27,2,0,1
BRDA:27,2,1,1
BRDA:33,3,0,0
BRDA:33,3,1,1
BRDA:35,4,0,0
BRDA:35,4,1,0
BRDA:49,5,0,0
BRDA:49,5,1,2
BRF:12
BRH:8
end_of_record
TN:
SF:services/governance-hooks/src/index.js
FN:7,(anonymous_0)
FN:10,(anonymous_1)
FN:17,(anonymous_2)
FN:24,(anonymous_3)
FNF:4
FNH:0
FNDA:0,(anonymous_0)
FNDA:0,(anonymous_1)
FNDA:0,(anonymous_2)
FNDA:0,(anonymous_3)
DA:1,0
DA:2,0
DA:3,0
DA:4,0
DA:7,0
DA:10,0
DA:11,0
DA:13,0
DA:17,0
DA:18,0
DA:20,0
DA:23,0
DA:24,0
DA:25,0
DA:29,0
LF:15
LH:0
BRDA:11,0,0,0
BRDA:11,0,1,0
BRDA:18,1,0,0
BRDA:18,1,1,0
BRDA:23,2,0,0
BRDA:23,2,1,0
BRF:6
BRH:0
end_of_record
TN:
SF:services/mgtl-plus/src/index.js
FN:14,(anonymous_0)
FN:21,(anonymous_1)
FN:31,(anonymous_2)
FN:74,(anonymous_3)
FN:85,(anonymous_4)
FN:92,(anonymous_5)
FNF:6
FNH:4
FNDA:0,(anonymous_0)
FNDA:4,(anonymous_1)
FNDA:4,(anonymous_2)
FNDA:4,(anonymous_3)
FNDA:0,(anonymous_4)
FNDA:10,(anonymous_5)
DA:1,2
DA:2,2
DA:3,2
DA:4,2
DA:5,2
DA:7,2
DA:8,2
DA:10,2
DA:11,2
DA:14,2
DA:17,2
DA:18,2
DA:21,2
DA:22,4
DA:24,4
DA:25,1
DA:27,3
DA:28,1
DA:31,2
DA:32,4
DA:33,4
DA:34,4
DA:59,2
DA:60,4
DA:61,0
DA:65,2
DA:66,4
DA:67,0
DA:71,2
DA:73,2
DA:74,2
DA:75,4
DA:76,4
DA:78,2
DA:80,0
DA:84,2
DA:85,0
DA:86,0
DA:91,2
DA:92,10
LF:40
LH:35
BRDA:22,0,0,0
BRDA:22,1,0,0
BRDA:22,2,0,3
BRDA:22,3,0,2
BRDA:22,4,0,4
BRDA:24,5,0,1
BRDA:24,5,1,3
BRDA:27,6,0,1
BRDA:27,6,1,2
BRDA:60,7,0,0
BRDA:60,7,1,4
BRDA:66,8,0,0
BRDA:66,8,1,4
BRDA:66,9,0,4
BRDA:66,9,1,4
BRDA:84,10,0,0
BRDA:84,10,1,2
BRDA:92,11,0,10
BRDA:92,11,1,4
BRF:19
BRH:14
end_of_record
TN:
SF:services/objective-hub/src/index.js
FN:6,(anonymous_0)
FN:22,(anonymous_1)
FN:25,(anonymous_2)
FNF:3
FNH:1
FNDA:1,(anonymous_0)
FNDA:0,(anonymous_1)
FNDA:0,(anonymous_2)
DA:1,1
DA:2,1
DA:3,1
DA:6,1
DA:8,1
DA:10,1
DA:18,1
DA:22,1
DA:24,1
DA:25,0
DA:26,0
DA:31,1
LF:12
LH:10
BRDA:8,0,0,0
BRDA:8,1,0,0
BRDA:8,2,0,0
BRDA:16,3,0,1
BRDA:16,3,1,1
BRDA:24,4,0,0
BRDA:24,4,1,1
BRF:7
BRH:3
end_of_record
TN:
SF:services/resource-allocator/src/index.js
FN:6,(anonymous_0)
FN:12,(anonymous_1)
FN:18,(anonymous_2)
FN:21,(anonymous_3)
FNF:4
FNH:0
FNDA:0,(anonymous_0)
FNDA:0,(anonymous_1)
FNDA:0,(anonymous_2)
FNDA:0,(anonymous_3)
DA:1,0
DA:2,0
DA:3,0
DA:6,0
DA:8,0
DA:12,0
DA:14,0
DA:18,0
DA:20,0
DA:21,0
DA:22,0
DA:26,0
LF:12
LH:0
BRDA:20,0,0,0
BRDA:20,0,1,0
BRF:2
BRH:0
end_of_record
TN:
SF:services/role-registry/src/index.js
FN:18,(anonymous_0)
FN:25,(anonymous_1)
FN:31,(anonymous_2)
FN:34,(anonymous_3)
FNF:4
FNH:0
FNDA:0,(anonymous_0)
FNDA:0,(anonymous_1)
FNDA:0,(anonymous_2)
FNDA:0,(anonymous_3)
DA:1,0
DA:2,0
DA:3,0
DA:4,0
DA:7,0
DA:10,0
DA:15,0
DA:18,0
DA:19,0
DA:20,0
DA:21,0
DA:25,0
DA:26,0
DA:27,0
DA:31,0
DA:33,0
DA:34,0
DA:35,0
DA:39,0
LF:19
LH:0
BRDA:33,0,0,0
BRDA:33,0,1,0
BRF:2
BRH:0
end_of_record
TN:
SF:services/swarm-manager/src/index.js
FN:12,(anonymous_0)
FN:19,(anonymous_1)
FN:45,(anonymous_2)
FN:51,(anonymous_3)
FNF:4
FNH:1
FNDA:0,(anonymous_0)
FNDA:5,(anonymous_1)
FNDA:0,(anonymous_2)
FNDA:0,(anonymous_3)
DA:1,3
DA:2,3
DA:3,3
DA:4,3
DA:5,3
DA:7,3
DA:8,3
DA:9,3
DA:12,3
DA:15,3
DA:16,3
DA:19,3
DA:20,5
DA:21,5
DA:23,5
DA:24,1
DA:26,4
DA:27,1
DA:30,3
DA:31,0
DA:33,3
DA:34,3
DA:35,3
DA:37,3
DA:38,3
DA:40,0
DA:45,3
DA:47,0
DA:50,3
DA:51,0
DA:52,0
DA:57,3
LF:32
LH:27
BRDA:9,0,0,3
BRDA:9,0,1,3
BRDA:21,1,0,0
BRDA:21,1,1,5
BRDA:23,2,0,1
BRDA:23,2,1,4
BRDA:26,3,0,1
BRDA:26,3,1,3
BRDA:30,4,0,0
BRDA:30,4,1,3
BRDA:30,5,0,3
BRDA:30,5,1,3
BRDA:50,6,0,0
BRDA:50,6,1,3
BRF:14
BRH:11
end_of_record
